[debug] > Exec(early(addDefaultCommands), None, None)
[debug] > Exec(addDefaultCommands, None, None)
[debug] > Exec(early(initialize), None, None)
[debug] > Exec(initialize, None, None)
[debug] > Exec(boot, None, None)
[debug] > Exec(writeSbtVersion, None, None)
[debug] > Exec(reload, None, None)
[debug] > Exec(sbtStashOnFailure, None, None)
[debug] > Exec(onFailure loadFailed, None, None)
[debug] > Exec(loadp, None, None)
[info] welcome to sbt 1.10.1 (Oracle Corporation Java 21.0.2)
[debug] Load.defaultLoad until apply took 42.427709ms
[debug]           Load.loadUnit: plugins took 31.919834ms
[debug]           Load.loadUnit: defsScala took 0.11725ms
[debug] [Loading] Scanning directory /Users/krishnaiv/iLab/all_java/spark-scala/ScalaSaprkApplications/project
[debug] [Loading] Found non-root projects 
[debug] [Loading] Done in /Users/krishnaiv/iLab/all_java/spark-scala/ScalaSaprkApplications/project, returning: ()
[debug] deducing auto plugins based on known facts Set(Atom(sbt.plugins.CorePlugin)) and clauses Clauses(Clause(Atom(sbt.plugins.JvmPlugin),Set(Atom(sbt.plugins.IvyPlugin)))
[debug] Clause(Atom(sbt.ScriptedPlugin),Set(Atom(sbt.plugins.JvmPlugin)))
[debug] Clause(Atom(sbt.plugins.SbtPlugin),Set(Atom(sbt.ScriptedPlugin)))
[debug] Clause(Atom(sbt.plugins.SemanticdbPlugin),Set(Atom(sbt.plugins.JvmPlugin)))
[debug] Clause(Atom(sbt.plugins.JUnitXmlReportPlugin),Set(Atom(sbt.plugins.JvmPlugin)))
[debug] Clause(Atom(sbt.plugins.MiniDependencyTreePlugin),Set(Atom(sbt.plugins.JvmPlugin)))
[debug] Clause(Atom(sbt.plugins.CorePlugin),Set(Atom(sbt.plugins.IvyPlugin)))
[debug] Clause(Atom(sbt.plugins.IvyPlugin),Set(Atom(sbt.plugins.JvmPlugin)))
[debug] Clause(Atom(sbt.plugins.JvmPlugin),Set(Atom(sbt.plugins.SemanticdbPlugin)))
[debug] Clause(Atom(sbt.plugins.JvmPlugin),Set(Atom(sbt.plugins.JUnitXmlReportPlugin)))
[debug] Clause(Atom(sbt.plugins.CorePlugin),Set(Atom(sbt.plugins.Giter8TemplatePlugin)))
[debug] Clause(Atom(sbt.plugins.JvmPlugin),Set(Atom(sbt.plugins.MiniDependencyTreePlugin))))
[debug]   :: deduced result: Matched(sbt.plugins.CorePlugin,sbt.plugins.Giter8TemplatePlugin,sbt.plugins.IvyPlugin,sbt.plugins.JvmPlugin,sbt.plugins.MiniDependencyTreePlugin,sbt.plugins.JUnitXmlReportPlugin,sbt.plugins.SemanticdbPlugin)
[debug] Plugins.deducer#function took 6.115459 ms
[debug]               Load.resolveProject(scalasaprkapplications-build) took 17.123459ms
[debug]             Load.loadTransitive: finalizeProject(Project(id scalasaprkapplications-build, base: /Users/krishnaiv/iLab/all_java/spark-scala/ScalaSaprkApplications/project, plugins: List(<none>))) took 32.219625ms
[debug] [Loading] Done in /Users/krishnaiv/iLab/all_java/spark-scala/ScalaSaprkApplications/project, returning: (scalasaprkapplications-build)
[debug]           Load.loadUnit: loadedProjectsRaw took 39.338208ms
[debug]           Load.loadUnit: cleanEvalClasses took 0.088667ms
[debug]         Load.loadUnit(file:/Users/krishnaiv/iLab/all_java/spark-scala/ScalaSaprkApplications/project/, ...) took 73.485334ms
[debug]       Load.apply: load took 223.14025ms
[debug]       Load.apply: resolveProjects took 2.168583ms
[debug]       Load.apply: finalTransforms took 25.059708ms
[debug]       Load.apply: config.delegates took 2.5115ms
[debug]       Load.apply: Def.make(settings)... took 161.680667ms
[debug]       Load.apply: structureIndex took 41.239666ms
[debug]       Load.apply: mkStreams took 0.650458ms
[info] loading project definition from /Users/krishnaiv/iLab/all_java/spark-scala/ScalaSaprkApplications/project
[debug] Running task... Cancel: Signal, check cycles: false, forcegc: true
[debug]     Load.loadUnit: plugins took 1167.68875ms
[debug]     Load.loadUnit: defsScala took 0.001542ms
[debug] [Loading] Scanning directory /Users/krishnaiv/iLab/all_java/spark-scala/ScalaSaprkApplications
[debug]       Load.loadUnit: mkEval took 2.356584ms
[debug] [Loading] Found root project root w/ remaining 
[debug] deducing auto plugins based on known facts Set(Atom(sbt.plugins.CorePlugin)) and clauses Clauses(Clause(Atom(sbt.plugins.JvmPlugin),Set(Atom(sbt.plugins.IvyPlugin)))
[debug] Clause(Atom(sbt.ScriptedPlugin),Set(Atom(sbt.plugins.JvmPlugin)))
[debug] Clause(Atom(sbt.plugins.SbtPlugin),Set(Atom(sbt.ScriptedPlugin)))
[debug] Clause(Atom(sbt.plugins.SemanticdbPlugin),Set(Atom(sbt.plugins.JvmPlugin)))
[debug] Clause(Atom(sbt.plugins.JUnitXmlReportPlugin),Set(Atom(sbt.plugins.JvmPlugin)))
[debug] Clause(Atom(sbt.plugins.MiniDependencyTreePlugin),Set(Atom(sbt.plugins.JvmPlugin)))
[debug] Clause(Atom(sbt.plugins.CorePlugin),Set(Atom(sbt.plugins.IvyPlugin)))
[debug] Clause(Atom(sbt.plugins.IvyPlugin),Set(Atom(sbt.plugins.JvmPlugin)))
[debug] Clause(Atom(sbt.plugins.JvmPlugin),Set(Atom(sbt.plugins.SemanticdbPlugin)))
[debug] Clause(Atom(sbt.plugins.JvmPlugin),Set(Atom(sbt.plugins.JUnitXmlReportPlugin)))
[debug] Clause(Atom(sbt.plugins.CorePlugin),Set(Atom(sbt.plugins.Giter8TemplatePlugin)))
[debug] Clause(Atom(sbt.plugins.JvmPlugin),Set(Atom(sbt.plugins.MiniDependencyTreePlugin))))
[debug]   :: deduced result: Matched(sbt.plugins.CorePlugin,sbt.plugins.Giter8TemplatePlugin,sbt.plugins.IvyPlugin,sbt.plugins.JvmPlugin,sbt.plugins.MiniDependencyTreePlugin,sbt.plugins.JUnitXmlReportPlugin,sbt.plugins.SemanticdbPlugin)
[debug] Plugins.deducer#function took 0.964959 ms
[info] loading settings for project root from build.sbt ...
[debug]         Load.resolveProject(root) took 1.062417ms
[debug]       Load.loadTransitive: finalizeProject(Project(id root, base: /Users/krishnaiv/iLab/all_java/spark-scala/ScalaSaprkApplications, plugins: List(<none>))) took 2.419ms
[debug] [Loading] Done in /Users/krishnaiv/iLab/all_java/spark-scala/ScalaSaprkApplications, returning: (root)
[debug]     Load.loadUnit: loadedProjectsRaw took 1047.414375ms
[debug]     Load.loadUnit: cleanEvalClasses took 1.436666ms
[debug]   Load.loadUnit(file:/Users/krishnaiv/iLab/all_java/spark-scala/ScalaSaprkApplications/, ...) took 2217.202958ms
[debug] Load.apply: load took 2226.658625ms
[debug] Load.apply: resolveProjects took 0.054041ms
[debug] Load.apply: finalTransforms took 6.772916ms
[debug] Load.apply: config.delegates took 0.160917ms
[debug] Load.apply: Def.make(settings)... took 54.016875ms
[debug] Load.apply: structureIndex took 22.117625ms
[debug] Load.apply: mkStreams took 0.001458ms
[info] set current project to ScalaSaprkApplications (in build file:/Users/krishnaiv/iLab/all_java/spark-scala/ScalaSaprkApplications/)
[debug] > Exec(sbtPopOnFailure, None, None)
[debug] > Exec(resumeFromFailure, None, None)
[debug] > Exec(notifyUsersAboutShell, None, None)
[debug] > Exec(iflast shell, None, None)
[debug] > Exec(shell, None, None)
[info] sbt server started at local:///Users/krishnaiv/.sbt/1.0/server/24c1cf5be9a6a696b532/sock
[debug] Writing bsp connection file
[info] started sbt server
