[debug] > Exec(;set _root_.scala.collection.Seq(historyPath := None,shellPrompt := { _ => "" },SettingKey[_root_.scala.Option[_root_.sbt.File]]("sbtStructureOutputFile") in _root_.sbt.Global := _root_.scala.Some(_root_.sbt.file("/private/var/folders/h5/6vzjk2_d7qvb336lfjmgqmbw0000gn/T/sbt-structure.xml")),SettingKey[_root_.java.lang.String]("sbtStructureOptions") in _root_.sbt.Global := "download, resolveClassifiers, insertProjectTransitiveDependencies");apply -cp "/Users/krishnaiv/Library/Application Support/JetBrains/IdeaIC2023.3/plugins/Scala/repo/org/jetbrains/scala/sbt-structure-extractor_2.12_1.3/2023.3.2/sbt-structure-extractor-2023.3.2.jar" org.jetbrains.sbt.CreateTasks;preferScala2;*/*:dumpStructure, Some(90e421c2-cd36-47b2-bb90-d885ebdcda85), Some(CommandSource(console0)))
[debug] > Exec(set _root_.scala.collection.Seq(historyPath := None,shellPrompt := { _ => "" },SettingKey[_root_.scala.Option[_root_.sbt.File]]("sbtStructureOutputFile") in _root_.sbt.Global := _root_.scala.Some(_root_.sbt.file("/private/var/folders/h5/6vzjk2_d7qvb336lfjmgqmbw0000gn/T/sbt-structure.xml")),SettingKey[_root_.java.lang.String]("sbtStructureOptions") in _root_.sbt.Global := "download, resolveClassifiers, insertProjectTransitiveDependencies"), None, Some(CommandSource(console0)))
[info] Defining Global / sbtStructureOptions, Global / sbtStructureOutputFile and 1 others.
[info] The new values will be used by cleanKeepGlobs
[info] 	Run `last` for details.
[debug] Defining 
[debug] 	Global / sbtStructureOptions
[debug] 	Global / sbtStructureOutputFile
[debug] 	history
[debug] 	shellPrompt
[debug] 
[debug] The new values will be used by 
[debug] 	cleanKeepGlobs
[info] Reapplying settings...
[info] set current project to ScalaSaprkApplications (in build file:/Users/krishnaiv/iLab/all_java/spark-scala/ScalaSaprkApplications/)
[debug] > Exec(apply -cp "/Users/krishnaiv/Library/Application Support/JetBrains/IdeaIC2023.3/plugins/Scala/repo/org/jetbrains/scala/sbt-structure-extractor_2.12_1.3/2023.3.2/sbt-structure-extractor-2023.3.2.jar" org.jetbrains.sbt.CreateTasks, None, Some(CommandSource(console0)))
[info] Applying State transformations org.jetbrains.sbt.CreateTasks from /Users/krishnaiv/Library/Application Support/JetBrains/IdeaIC2023.3/plugins/Scala/repo/org/jetbrains/scala/sbt-structure-extractor_2.12_1.3/2023.3.2/sbt-structure-extractor-2023.3.2.jar
[info] Reapplying settings...
[info] set current project to ScalaSaprkApplications (in build file:/Users/krishnaiv/iLab/all_java/spark-scala/ScalaSaprkApplications/)
[debug] > Exec(preferScala2, None, Some(CommandSource(console0)))
[debug] > Exec(*/*:dumpStructure, None, Some(CommandSource(console0)))
[debug] Evaluating tasks: Global / dumpStructure
[warn] sbt 0.13 shell syntax is deprecated; use slash syntax instead: Global / dumpStructure
[debug] Running task... Cancel: Signal, check cycles: false, forcegc: true
[info] shutting down sbt server
